Using pre-set license
Built from '2022.3/staging' branch; Version is '2022.3.14f1 (eff2de9070d8) revision 15725278'; Using compiler version '192829333'; Build Type 'Release'
OS: 'Windows 11  (10.0.22631) 64bit Core' Language: 'en' Physical Memory: 31998 MB
BatchMode: 1, IsHumanControllingUs: 0, StartBugReporterOnCrash: 0, Is64bit: 1, IsPro: 1

COMMAND LINE ARGUMENTS:
C:\Program Files\Unity\Hub\Editor\2022.3.14f1\Editor\Unity.exe
-adb2
-batchMode
-noUpm
-name
AssetImportWorker3
-projectPath
C:/Users/jjgal/Unity/Futbolito
-logFile
Logs/AssetImportWorker3.log
-srvPort
52452
Successfully changed project path to: C:/Users/jjgal/Unity/Futbolito
C:/Users/jjgal/Unity/Futbolito
[UnityMemory] Configuration Parameters - Can be set up in boot.config
    "memorysetup-bucket-allocator-granularity=16"
    "memorysetup-bucket-allocator-bucket-count=8"
    "memorysetup-bucket-allocator-block-size=33554432"
    "memorysetup-bucket-allocator-block-count=8"
    "memorysetup-main-allocator-block-size=16777216"
    "memorysetup-thread-allocator-block-size=16777216"
    "memorysetup-gfx-main-allocator-block-size=16777216"
    "memorysetup-gfx-thread-allocator-block-size=16777216"
    "memorysetup-cache-allocator-block-size=4194304"
    "memorysetup-typetree-allocator-block-size=2097152"
    "memorysetup-profiler-bucket-allocator-granularity=16"
    "memorysetup-profiler-bucket-allocator-bucket-count=8"
    "memorysetup-profiler-bucket-allocator-block-size=33554432"
    "memorysetup-profiler-bucket-allocator-block-count=8"
    "memorysetup-profiler-allocator-block-size=16777216"
    "memorysetup-profiler-editor-allocator-block-size=1048576"
    "memorysetup-temp-allocator-size-main=16777216"
    "memorysetup-job-temp-allocator-block-size=2097152"
    "memorysetup-job-temp-allocator-block-size-background=1048576"
    "memorysetup-job-temp-allocator-reduction-small-platforms=262144"
    "memorysetup-allocator-temp-initial-block-size-main=262144"
    "memorysetup-allocator-temp-initial-block-size-worker=262144"
    "memorysetup-temp-allocator-size-background-worker=32768"
    "memorysetup-temp-allocator-size-job-worker=262144"
    "memorysetup-temp-allocator-size-preload-manager=33554432"
    "memorysetup-temp-allocator-size-nav-mesh-worker=65536"
    "memorysetup-temp-allocator-size-audio-worker=65536"
    "memorysetup-temp-allocator-size-cloud-worker=32768"
    "memorysetup-temp-allocator-size-gi-baking-worker=262144"
    "memorysetup-temp-allocator-size-gfx=262144"
Player connection [14880] Host "[IP] 10.0.0.148 [Port] 0 [Flags] 2 [Guid] 1392328641 [EditorId] 1392328641 [Version] 1048832 [Id] WindowsEditor(7,jjgp13) [Debug] 1 [PackageName] WindowsEditor [ProjectName] Editor" joined multi-casting on [225.0.0.222:54997]...

Player connection [14880] Host "[IP] 10.0.0.148 [Port] 0 [Flags] 2 [Guid] 1392328641 [EditorId] 1392328641 [Version] 1048832 [Id] WindowsEditor(7,jjgp13) [Debug] 1 [PackageName] WindowsEditor [ProjectName] Editor" joined alternative multi-casting on [225.0.0.222:34997]...

[Physics::Module] Initialized MultithreadedJobDispatcher with 15 workers.
Refreshing native plugins compatible for Editor in 0.00 ms, found 0 plugins.
Preloading 0 native plugins for Editor in 0.00 ms.
Initialize engine version: 2022.3.14f1 (eff2de9070d8)
[Subsystems] Discovering subsystems at path C:/Program Files/Unity/Hub/Editor/2022.3.14f1/Editor/Data/Resources/UnitySubsystems
[Subsystems] Discovering subsystems at path C:/Users/jjgal/Unity/Futbolito/Assets
GfxDevice: creating device client; threaded=0; jobified=0
Direct3D:
    Version:  Direct3D 11.0 [level 11.1]
    Renderer: AMD Radeon (TM) Graphics (ID=0x1681)
    Vendor:   ATI
    VRAM:     15999 MB
    Driver:   31.0.12044.3
Initialize mono
Mono path[0] = 'C:/Program Files/Unity/Hub/Editor/2022.3.14f1/Editor/Data/Managed'
Mono path[1] = 'C:/Program Files/Unity/Hub/Editor/2022.3.14f1/Editor/Data/MonoBleedingEdge/lib/mono/unityjit-win32'
Mono config path = 'C:/Program Files/Unity/Hub/Editor/2022.3.14f1/Editor/Data/MonoBleedingEdge/etc'
Using monoOptions --debugger-agent=transport=dt_socket,embedding=1,server=y,suspend=n,address=127.0.0.1:56024
Begin MonoManager ReloadAssembly
Registering precompiled unity dll's ...
Register platform support module: C:/Program Files/Unity/Hub/Editor/2022.3.14f1/Editor/Data/PlaybackEngines/WebGLSupport/UnityEditor.WebGL.Extensions.dll
Register platform support module: C:/Program Files/Unity/Hub/Editor/2022.3.14f1/Editor/Data/PlaybackEngines/WindowsStandaloneSupport/UnityEditor.WindowsStandalone.Extensions.dll
Registered in 0.007706 seconds.
- Loaded All Assemblies, in  0.710 seconds
Native extension for WindowsStandalone target not found
Native extension for WebGL target not found
The file 'ProjectSettings/PackageManagerSettings.asset' seems to have merge conflicts. Please open it in a text editor and fix the merge.
UnityEngine.StackTraceUtility:ExtractStackTrace ()
UnityEditor.ScriptableSingleton`1<UnityEditor.PackageManager.UI.Internal.PackageManagerProjectSettings>:CreateAndLoad ()
UnityEditor.ScriptableSingleton`1<UnityEditor.PackageManager.UI.Internal.PackageManagerProjectSettings>:get_instance ()
UnityEditor.PackageManager.UI.Internal.PackageManagerProjectSettingsProxy:OnEnable ()
UnityEditor.PackageManager.UI.Internal.ServicesContainer:Initialize ()
UnityEditor.PackageManager.UI.Internal.ServicesContainer:Resolve<UnityEditor.PackageManager.UI.Internal.ApplicationProxy> ()
UnityEditor.PackageManager.UI.PackageManagerWindow:OnEditorFinishLoadingProject ()
UnityEditor.PackageManager.UI.PackageManagerWindow:EditorInitializedInSafeMode ()
System.Reflection.RuntimeMethodInfo:Invoke (object,System.Reflection.BindingFlags,System.Reflection.Binder,object[],System.Globalization.CultureInfo)
System.Reflection.MethodBase:Invoke (object,object[])
UnityEditor.EditorAssemblies:ProcessInitializeOnLoadMethodAttributes ()

[ line 0]

Mono: successfully reloaded assembly
- Finished resetting the current domain, in  0.365 seconds
Domain Reload Profiling: 1074ms
	BeginReloadAssembly (271ms)
		ExecutionOrderSort (0ms)
		DisableScriptedObjects (0ms)
		BackupInstance (0ms)
		ReleaseScriptingObjects (0ms)
		CreateAndSetChildDomain (1ms)
	RebuildCommonClasses (62ms)
	RebuildNativeTypeToScriptingClass (12ms)
	initialDomainReloadingComplete (83ms)
	LoadAllAssembliesAndSetupDomain (280ms)
		LoadAssemblies (270ms)
		RebuildTransferFunctionScriptingTraits (0ms)
		AnalyzeDomain (275ms)
			TypeCache.Refresh (273ms)
				TypeCache.ScanAssembly (242ms)
			ScanForSourceGeneratedMonoScriptInfo (1ms)
			ResolveRequiredComponents (1ms)
	FinalizeReload (366ms)
		ReleaseScriptCaches (0ms)
		RebuildScriptCaches (0ms)
		SetupLoadedEditorAssemblies (278ms)
			LogAssemblyErrors (0ms)
			InitializePlatformSupportModulesInManaged (13ms)
			SetLoadedEditorAssemblies (8ms)
			RefreshPlugins (0ms)
			BeforeProcessingInitializeOnLoad (3ms)
			ProcessInitializeOnLoadAttributes (183ms)
			ProcessInitializeOnLoadMethodAttributes (72ms)
			AfterProcessingInitializeOnLoad (0ms)
			EditorAssembliesLoaded (0ms)
		ExecutionOrderSort2 (0ms)
		AwakeInstancesAfterBackupRestoration (0ms)
========================================================================
Worker process is ready to serve import requests
Begin MonoManager ReloadAssembly
- Loaded All Assemblies, in  0.326 seconds
Refreshing native plugins compatible for Editor in 0.00 ms, found 0 plugins.
Native extension for WindowsStandalone target not found
Native extension for WebGL target not found
Mono: successfully reloaded assembly
- Finished resetting the current domain, in  0.399 seconds
Domain Reload Profiling: 725ms
	BeginReloadAssembly (220ms)
		ExecutionOrderSort (0ms)
		DisableScriptedObjects (8ms)
		BackupInstance (0ms)
		ReleaseScriptingObjects (0ms)
		CreateAndSetChildDomain (46ms)
	RebuildCommonClasses (47ms)
	RebuildNativeTypeToScriptingClass (15ms)
	initialDomainReloadingComplete (32ms)
	LoadAllAssembliesAndSetupDomain (11ms)
		LoadAssemblies (118ms)
		RebuildTransferFunctionScriptingTraits (0ms)
		AnalyzeDomain (7ms)
			TypeCache.Refresh (5ms)
				TypeCache.ScanAssembly (0ms)
			ScanForSourceGeneratedMonoScriptInfo (0ms)
			ResolveRequiredComponents (1ms)
	FinalizeReload (400ms)
		ReleaseScriptCaches (0ms)
		RebuildScriptCaches (0ms)
		SetupLoadedEditorAssemblies (232ms)
			LogAssemblyErrors (0ms)
			InitializePlatformSupportModulesInManaged (9ms)
			SetLoadedEditorAssemblies (6ms)
			RefreshPlugins (0ms)
			BeforeProcessingInitializeOnLoad (30ms)
			ProcessInitializeOnLoadAttributes (154ms)
			ProcessInitializeOnLoadMethodAttributes (27ms)
			AfterProcessingInitializeOnLoad (6ms)
			EditorAssembliesLoaded (0ms)
		ExecutionOrderSort2 (0ms)
		AwakeInstancesAfterBackupRestoration (9ms)
Launched and connected shader compiler UnityShaderCompiler.exe after 0.07 seconds
Refreshing native plugins compatible for Editor in 0.00 ms, found 0 plugins.
Preloading 0 native plugins for Editor in 0.00 ms.
Unloading 57 Unused Serialized files (Serialized files now loaded: 0)
Unloading 3 unused Assets / (48.4 KB). Loaded Objects now: 526.
Memory consumption went from 53.4 MB to 53.4 MB.
Total: 6.995700 ms (FindLiveObjects: 0.179700 ms CreateObjectMapping: 0.017100 ms MarkObjects: 6.634800 ms  DeleteObjects: 0.160400 ms)

AssetImportParameters requested are different than current active one (requested -> active):
  custom:video-decoder-ogg-theora: a1e56fd34408186e4bbccfd4996cb3dc -> 
  custom:container-muxer-webm: aa71ff27fc2769a1b78a27578f13a17b -> 
  custom:container-demuxer-webm: 4f35f7cbe854078d1ac9338744f61a02 -> 
  custom:video-encoder-webm-vp8: eb34c28f22e8b96e1ab97ce403110664 -> 
  custom:CustomObjectIndexerAttribute: 756ad292c208cfabdd7b50bc23989ffe -> 
  custom:audio-encoder-webm-vorbis: bf7c407c2cedff20999df2af8eb42d56 -> 
  custom:framework-win-MediaFoundation: 216162199b28c13a410421893ffa2e32 -> 
  custom:SearchIndexIgnoredProperties: e643bd26f0fe6173181afceb89e7c659 -> 
  custom:container-demuxer-ogg: 62fdf1f143b41e24485cea50d1cbac27 -> 
  custom:video-decoder-webm-vp8: 9c59270c3fd7afecdb556c50c9e8de78 -> 
  custom:audio-decoder-ogg-vorbis: bf7c407c2cedff20999df2af8eb42d56 -> 
  custom:AudioImporter_EditorPlatform: d09bf68614088b80899f8185d706f6e7 -> 
========================================================================
Received Import Request.
  Time since last request: 79352.248781 seconds.
  path: Assets/_Prefabs/BackButton.prefab
  artifactKey: Guid(349c8366b30dc0f428e3d5c26d93003c) Importer(815301076,1909f56bfc062723c751e8b465ee728b)
Start importing Assets/_Prefabs/BackButton.prefab using Guid(349c8366b30dc0f428e3d5c26d93003c) Importer(815301076,1909f56bfc062723c751e8b465ee728b)  -> (artifact id: '210f68a186dd96ab5ea4ba8611609ef8') in 0.058451 seconds
Number of updated asset objects reloaded before import = 0
Number of asset objects unloaded after import = 11
========================================================================
Received Import Request.
  Time since last request: 0.000018 seconds.
  path: Assets/_Prefabs/TeamTourInfoUI.prefab
  artifactKey: Guid(7e768243aca60524eaf3f1e918851e8f) Importer(815301076,1909f56bfc062723c751e8b465ee728b)
Start importing Assets/_Prefabs/TeamTourInfoUI.prefab using Guid(7e768243aca60524eaf3f1e918851e8f) Importer(815301076,1909f56bfc062723c751e8b465ee728b)  -> (artifact id: 'a8a8c487e60d37052fa6126b87a22df8') in 0.003671 seconds
Number of updated asset objects reloaded before import = 0
Number of asset objects unloaded after import = 52
========================================================================
Received Import Request.
  Time since last request: 0.000024 seconds.
  path: Assets/_Prefabs/EnergyParticles.prefab
  artifactKey: Guid(290079df60ece7b46a8cbf5c574e9110) Importer(815301076,1909f56bfc062723c751e8b465ee728b)
Start importing Assets/_Prefabs/EnergyParticles.prefab using Guid(290079df60ece7b46a8cbf5c574e9110) Importer(815301076,1909f56bfc062723c751e8b465ee728b)  -> (artifact id: '9710b90292d8a3c884e4a3a8b56701d3') in 0.174187 seconds
Number of updated asset objects reloaded before import = 0
Number of asset objects unloaded after import = 15
========================================================================
Received Import Request.
  Time since last request: 0.000044 seconds.
  path: Assets/_Prefabs/MatchInfo.prefab
  artifactKey: Guid(6c4f45f2f493e9f4fa894322e1f4fd47) Importer(815301076,1909f56bfc062723c751e8b465ee728b)
Start importing Assets/_Prefabs/MatchInfo.prefab using Guid(6c4f45f2f493e9f4fa894322e1f4fd47) Importer(815301076,1909f56bfc062723c751e8b465ee728b)  -> (artifact id: '1ffe4c52d28b81446dc399c11b46c918') in 0.002676 seconds
Number of updated asset objects reloaded before import = 0
Number of asset objects unloaded after import = 5
========================================================================
Received Import Request.
  Time since last request: 0.000087 seconds.
  path: Assets/_Prefabs/PlayerPaddle_Prefab.prefab
  artifactKey: Guid(352991deeca90494a9b8a555941c2900) Importer(815301076,1909f56bfc062723c751e8b465ee728b)
Start importing Assets/_Prefabs/PlayerPaddle_Prefab.prefab using Guid(352991deeca90494a9b8a555941c2900) Importer(815301076,1909f56bfc062723c751e8b465ee728b) Asset 'Futbol_Player': Transition 'FirstLevelHitPlayerAnim -> IdlePlayerAnim' in state 'FirstLevelHitPlayerAnim' doesn't have an Exit Time or any condition, transition will be ignored
UnityEngine.StackTraceUtility:ExtractStackTrace ()
UnityEditor.EditorUtility:Internal_InstantiateRemoveAllNonAnimationComponentsSingle (UnityEngine.Object,UnityEngine.Vector3,UnityEngine.Quaternion)
UnityEditor.EditorUtility:InstantiateRemoveAllNonAnimationComponents (UnityEngine.Object,UnityEngine.Vector3,UnityEngine.Quaternion)
UnityEditor.EditorUtility:InstantiateForAnimatorPreview (UnityEngine.Object)
UnityEditor.GameObjectInspector/PreviewData:UpdateGameObject (UnityEngine.Object)
UnityEditor.GameObjectInspector/PreviewData:.ctor (UnityEngine.Object,bool)
UnityEditor.GameObjectInspector:GetPreviewData (bool)
UnityEditor.GameObjectInspector:RenderStaticPreview (string,UnityEngine.Object[],int,int)
UnityEditor.AssetPreviewUpdater:CreatePreview (UnityEngine.Object,UnityEngine.Object[],string,int,int)
UnityEditor.AssetPreviewUpdater:CreatePreviewForAsset (UnityEngine.Object,UnityEngine.Object[],string)

[C:\build\output\unity\unity\Editor\Src\Animation\StateMachine.cpp line 1841]

 -> (artifact id: 'f3a3e59ee772130e684fcc3a2a093122') in 0.034789 seconds
Number of updated asset objects reloaded before import = 0
Number of asset objects unloaded after import = 65
========================================================================
Received Import Request.
  Time since last request: 0.000036 seconds.
  path: Assets/_Prefabs/Line.prefab
  artifactKey: Guid(82a2c6e0269ef48489662311e2b25a6c) Importer(815301076,1909f56bfc062723c751e8b465ee728b)
Start importing Assets/_Prefabs/Line.prefab using Guid(82a2c6e0269ef48489662311e2b25a6c) Importer(815301076,1909f56bfc062723c751e8b465ee728b)  -> (artifact id: 'a1876dc38e4fb68260fdbb6c68b7cd66') in 0.041003 seconds
Number of updated asset objects reloaded before import = 0
Number of asset objects unloaded after import = 12
========================================================================
Received Import Request.
  Time since last request: 5.556335 seconds.
  path: Assets/Sprites/Grass/GrassPattern3.png
  artifactKey: Guid(c4c24f8683701c54cbf1ce4ad648a5da) Importer(815301076,1909f56bfc062723c751e8b465ee728b)
Start importing Assets/Sprites/Grass/GrassPattern3.png using Guid(c4c24f8683701c54cbf1ce4ad648a5da) Importer(815301076,1909f56bfc062723c751e8b465ee728b)  -> (artifact id: '640fea18a9c07e57dabd93784d2545af') in 0.055775 seconds
Number of updated asset objects reloaded before import = 0
Number of asset objects unloaded after import = 3
========================================================================
Received Import Request.
  Time since last request: 0.000018 seconds.
  path: Assets/Sprites/Grass/GrassPattern8.png
  artifactKey: Guid(b774e17c1baee344fb282760d32eb58b) Importer(815301076,1909f56bfc062723c751e8b465ee728b)
Start importing Assets/Sprites/Grass/GrassPattern8.png using Guid(b774e17c1baee344fb282760d32eb58b) Importer(815301076,1909f56bfc062723c751e8b465ee728b)  -> (artifact id: '5234f306d5be1da3b415910c04d39981') in 0.037463 seconds
Number of updated asset objects reloaded before import = 0
Number of asset objects unloaded after import = 3
========================================================================
Received Import Request.
  Time since last request: 0.700328 seconds.
  path: Assets/Sprites/Tables/DeepBlue.png
  artifactKey: Guid(974555db56c72c049b6e04a3474c7d50) Importer(815301076,1909f56bfc062723c751e8b465ee728b)
Start importing Assets/Sprites/Tables/DeepBlue.png using Guid(974555db56c72c049b6e04a3474c7d50) Importer(815301076,1909f56bfc062723c751e8b465ee728b)  -> (artifact id: '1e161ab99d56fc8245fbfe934b38070b') in 0.024323 seconds
Number of updated asset objects reloaded before import = 0
Number of asset objects unloaded after import = 3
========================================================================
Received Import Request.
  Time since last request: 0.000079 seconds.
  path: Assets/Sprites/Tables/Orange.png
  artifactKey: Guid(12713ed614c32864bac6dd02c83d5d6d) Importer(815301076,1909f56bfc062723c751e8b465ee728b)
Start importing Assets/Sprites/Tables/Orange.png using Guid(12713ed614c32864bac6dd02c83d5d6d) Importer(815301076,1909f56bfc062723c751e8b465ee728b)  -> (artifact id: '9441350338d19343b1316d9ac33ccb5f') in 0.025096 seconds
Number of updated asset objects reloaded before import = 0
Number of asset objects unloaded after import = 3
========================================================================
Received Import Request.
  Time since last request: 0.000016 seconds.
  path: Assets/Sprites/Tables/Pure.png
  artifactKey: Guid(606b5d288cc204b498e7cee321bc567d) Importer(815301076,1909f56bfc062723c751e8b465ee728b)
Start importing Assets/Sprites/Tables/Pure.png using Guid(606b5d288cc204b498e7cee321bc567d) Importer(815301076,1909f56bfc062723c751e8b465ee728b)  -> (artifact id: 'a10845c068a42897611871ac77a40d1c') in 0.028463 seconds
Number of updated asset objects reloaded before import = 0
Number of asset objects unloaded after import = 3
========================================================================
Received Import Request.
  Time since last request: 1.296020 seconds.
  path: Assets/Sprites/UI/button.png
  artifactKey: Guid(76c3d49055b5aa24c99ad7a6a841ac0b) Importer(815301076,1909f56bfc062723c751e8b465ee728b)
Start importing Assets/Sprites/UI/button.png using Guid(76c3d49055b5aa24c99ad7a6a841ac0b) Importer(815301076,1909f56bfc062723c751e8b465ee728b)  -> (artifact id: '7dc7779fe174586b7928951dc1942553') in 0.065352 seconds
Number of updated asset objects reloaded before import = 0
Number of asset objects unloaded after import = 3
========================================================================
Received Import Request.
  Time since last request: 0.000029 seconds.
  path: Assets/Sprites/UI/Fooball table edges (1).png
  artifactKey: Guid(cb7d6c5ad8c269c4a85dc67ad989a5fc) Importer(815301076,1909f56bfc062723c751e8b465ee728b)
Start importing Assets/Sprites/UI/Fooball table edges (1).png using Guid(cb7d6c5ad8c269c4a85dc67ad989a5fc) Importer(815301076,1909f56bfc062723c751e8b465ee728b)  -> (artifact id: '0f39837b360ee4ea4ebe9e596a73c31b') in 0.173513 seconds
Number of updated asset objects reloaded before import = 0
Number of asset objects unloaded after import = 1
========================================================================
Received Import Request.
  Time since last request: 0.000063 seconds.
  path: Assets/Sprites/UI/SelectLine.png
  artifactKey: Guid(46b4a8119859b3843888a89c80782501) Importer(815301076,1909f56bfc062723c751e8b465ee728b)
Start importing Assets/Sprites/UI/SelectLine.png using Guid(46b4a8119859b3843888a89c80782501) Importer(815301076,1909f56bfc062723c751e8b465ee728b)  -> (artifact id: 'e371b9133e2c3b65a12388eeb64973e7') in 0.034484 seconds
Number of updated asset objects reloaded before import = 0
Number of asset objects unloaded after import = 1
========================================================================
Received Import Request.
  Time since last request: 0.000046 seconds.
  path: Assets/Sprites/UI/goBackButton.png
  artifactKey: Guid(0e95bdb1a1a0d8a4f84ebe35d318d10e) Importer(815301076,1909f56bfc062723c751e8b465ee728b)
Start importing Assets/Sprites/UI/goBackButton.png using Guid(0e95bdb1a1a0d8a4f84ebe35d318d10e) Importer(815301076,1909f56bfc062723c751e8b465ee728b)  -> (artifact id: '01bd672429b1138f57f570d3baeb159f') in 0.026653 seconds
Number of updated asset objects reloaded before import = 0
Number of asset objects unloaded after import = 3
========================================================================
Received Import Request.
  Time since last request: 0.000032 seconds.
  path: Assets/Sprites/UI/squareButton.png
  artifactKey: Guid(b86fd3474b05cb449a3338de38edcbac) Importer(815301076,1909f56bfc062723c751e8b465ee728b)
Start importing Assets/Sprites/UI/squareButton.png using Guid(b86fd3474b05cb449a3338de38edcbac) Importer(815301076,1909f56bfc062723c751e8b465ee728b)  -> (artifact id: 'a6c67c9c9c3c95741c921ac5f0f0ec26') in 0.026189 seconds
Number of updated asset objects reloaded before import = 0
Number of asset objects unloaded after import = 3
========================================================================
Received Import Request.
  Time since last request: 0.000023 seconds.
  path: Assets/Sprites/UI/ButtonAnimation.png
  artifactKey: Guid(d3619a184f7b9cf4fa274d2d358929fd) Importer(815301076,1909f56bfc062723c751e8b465ee728b)
Start importing Assets/Sprites/UI/ButtonAnimation.png using Guid(d3619a184f7b9cf4fa274d2d358929fd) Importer(815301076,1909f56bfc062723c751e8b465ee728b)  -> (artifact id: '585f424d2b2c8f36bcb154a85dd4ef35') in 0.022504 seconds
Number of updated asset objects reloaded before import = 0
Number of asset objects unloaded after import = 1
========================================================================
Received Import Request.
  Time since last request: 59.313991 seconds.
  path: Assets/Sounds/Ball/BallSound_4.wav
  artifactKey: Guid(6ed14fdfecb08fb468c0eef828ac09ed) Importer(815301076,1909f56bfc062723c751e8b465ee728b)
Start importing Assets/Sounds/Ball/BallSound_4.wav using Guid(6ed14fdfecb08fb468c0eef828ac09ed) Importer(815301076,1909f56bfc062723c751e8b465ee728b)  -> (artifact id: '9ab80666c8e6fd10ad3e5ffe44215b27') in 0.046983 seconds
Number of updated asset objects reloaded before import = 0
Number of asset objects unloaded after import = 2
========================================================================
Received Import Request.
  Time since last request: 0.000026 seconds.
  path: Assets/Sounds/Ball/BallSound_9.wav
  artifactKey: Guid(6e74aac7d6ab4bb4abed7a2a88a9a171) Importer(815301076,1909f56bfc062723c751e8b465ee728b)
Start importing Assets/Sounds/Ball/BallSound_9.wav using Guid(6e74aac7d6ab4bb4abed7a2a88a9a171) Importer(815301076,1909f56bfc062723c751e8b465ee728b)  -> (artifact id: 'c30db90c0efded3e7107b1e7a6e05787') in 0.025548 seconds
Number of updated asset objects reloaded before import = 0
Number of asset objects unloaded after import = 2
========================================================================
Received Import Request.
  Time since last request: 20.969894 seconds.
  path: Assets/Sounds/Buttons/ButtonClickSound_4.wav
  artifactKey: Guid(501d1cb09b81e5143afdbdcbe6e43f82) Importer(815301076,1909f56bfc062723c751e8b465ee728b)
Start importing Assets/Sounds/Buttons/ButtonClickSound_4.wav using Guid(501d1cb09b81e5143afdbdcbe6e43f82) Importer(815301076,1909f56bfc062723c751e8b465ee728b)  -> (artifact id: '7eca9b83d3293f6096178c1ebb845d2e') in 0.018550 seconds
Number of updated asset objects reloaded before import = 0
Number of asset objects unloaded after import = 2
========================================================================
Received Import Request.
  Time since last request: 0.000038 seconds.
  path: Assets/Sounds/Buttons/ButtonClickSound_11.wav
  artifactKey: Guid(a4da6cf23c9bdb4468fb64e79693bee2) Importer(815301076,1909f56bfc062723c751e8b465ee728b)
Start importing Assets/Sounds/Buttons/ButtonClickSound_11.wav using Guid(a4da6cf23c9bdb4468fb64e79693bee2) Importer(815301076,1909f56bfc062723c751e8b465ee728b)  -> (artifact id: 'b40fac8e73feca60c6d10894764b6944') in 0.016360 seconds
Number of updated asset objects reloaded before import = 0
Number of asset objects unloaded after import = 2
========================================================================
Received Import Request.
  Time since last request: 0.000016 seconds.
  path: Assets/Sounds/Buttons/ButtonClickSound_9.wav
  artifactKey: Guid(4e5732fc0590ba54fb391f0eb3b00718) Importer(815301076,1909f56bfc062723c751e8b465ee728b)
Start importing Assets/Sounds/Buttons/ButtonClickSound_9.wav using Guid(4e5732fc0590ba54fb391f0eb3b00718) Importer(815301076,1909f56bfc062723c751e8b465ee728b)  -> (artifact id: '789f4731eb97c19117086665a1ef4c10') in 0.021190 seconds
Number of updated asset objects reloaded before import = 0
Number of asset objects unloaded after import = 2
========================================================================
Received Import Request.
  Time since last request: 0.000016 seconds.
  path: Assets/Sounds/Buttons/ButtonClickSound_15.wav
  artifactKey: Guid(969aaa45ca918894b85c887bfeb30953) Importer(815301076,1909f56bfc062723c751e8b465ee728b)
Start importing Assets/Sounds/Buttons/ButtonClickSound_15.wav using Guid(969aaa45ca918894b85c887bfeb30953) Importer(815301076,1909f56bfc062723c751e8b465ee728b)  -> (artifact id: '7847b8a08910015dab741ec1a61398d2') in 0.020017 seconds
Number of updated asset objects reloaded before import = 0
Number of asset objects unloaded after import = 2
Editor requested this worker to shutdown with reason: Scaling down because of idle timeout
TcpMessagingSession - receive error: operation aborted. errorcode: 995, details: The I/O operation has been aborted because of either a thread exit or an application request.
AssetImportWorker is now disconnected from the server
Process exiting
Exiting without the bug reporter. Application will terminate with return code 0