Using pre-set license
Built from '2022.3/staging' branch; Version is '2022.3.14f1 (eff2de9070d8) revision 15725278'; Using compiler version '192829333'; Build Type 'Release'
OS: 'Windows 11  (10.0.22631) 64bit Core' Language: 'en' Physical Memory: 31998 MB
BatchMode: 1, IsHumanControllingUs: 0, StartBugReporterOnCrash: 0, Is64bit: 1, IsPro: 1

COMMAND LINE ARGUMENTS:
C:\Program Files\Unity\Hub\Editor\2022.3.14f1\Editor\Unity.exe
-adb2
-batchMode
-noUpm
-name
AssetImportWorker1
-projectPath
C:/Users/jjgal/Unity/Futbolito
-logFile
Logs/AssetImportWorker1.log
-srvPort
52452
Successfully changed project path to: C:/Users/jjgal/Unity/Futbolito
C:/Users/jjgal/Unity/Futbolito
[UnityMemory] Configuration Parameters - Can be set up in boot.config
    "memorysetup-bucket-allocator-granularity=16"
    "memorysetup-bucket-allocator-bucket-count=8"
    "memorysetup-bucket-allocator-block-size=33554432"
    "memorysetup-bucket-allocator-block-count=8"
    "memorysetup-main-allocator-block-size=16777216"
    "memorysetup-thread-allocator-block-size=16777216"
    "memorysetup-gfx-main-allocator-block-size=16777216"
    "memorysetup-gfx-thread-allocator-block-size=16777216"
    "memorysetup-cache-allocator-block-size=4194304"
    "memorysetup-typetree-allocator-block-size=2097152"
    "memorysetup-profiler-bucket-allocator-granularity=16"
    "memorysetup-profiler-bucket-allocator-bucket-count=8"
    "memorysetup-profiler-bucket-allocator-block-size=33554432"
    "memorysetup-profiler-bucket-allocator-block-count=8"
    "memorysetup-profiler-allocator-block-size=16777216"
    "memorysetup-profiler-editor-allocator-block-size=1048576"
    "memorysetup-temp-allocator-size-main=16777216"
    "memorysetup-job-temp-allocator-block-size=2097152"
    "memorysetup-job-temp-allocator-block-size-background=1048576"
    "memorysetup-job-temp-allocator-reduction-small-platforms=262144"
    "memorysetup-allocator-temp-initial-block-size-main=262144"
    "memorysetup-allocator-temp-initial-block-size-worker=262144"
    "memorysetup-temp-allocator-size-background-worker=32768"
    "memorysetup-temp-allocator-size-job-worker=262144"
    "memorysetup-temp-allocator-size-preload-manager=33554432"
    "memorysetup-temp-allocator-size-nav-mesh-worker=65536"
    "memorysetup-temp-allocator-size-audio-worker=65536"
    "memorysetup-temp-allocator-size-cloud-worker=32768"
    "memorysetup-temp-allocator-size-gi-baking-worker=262144"
    "memorysetup-temp-allocator-size-gfx=262144"
Player connection [10196] Host "[IP] 10.0.0.148 [Port] 0 [Flags] 2 [Guid] 3950812660 [EditorId] 3950812660 [Version] 1048832 [Id] WindowsEditor(7,jjgp13) [Debug] 1 [PackageName] WindowsEditor [ProjectName] Editor" joined multi-casting on [225.0.0.222:54997]...

Player connection [10196] Host "[IP] 10.0.0.148 [Port] 0 [Flags] 2 [Guid] 3950812660 [EditorId] 3950812660 [Version] 1048832 [Id] WindowsEditor(7,jjgp13) [Debug] 1 [PackageName] WindowsEditor [ProjectName] Editor" joined alternative multi-casting on [225.0.0.222:34997]...

[Physics::Module] Initialized MultithreadedJobDispatcher with 15 workers.
Refreshing native plugins compatible for Editor in 0.00 ms, found 0 plugins.
Preloading 0 native plugins for Editor in 0.00 ms.
Initialize engine version: 2022.3.14f1 (eff2de9070d8)
[Subsystems] Discovering subsystems at path C:/Program Files/Unity/Hub/Editor/2022.3.14f1/Editor/Data/Resources/UnitySubsystems
[Subsystems] Discovering subsystems at path C:/Users/jjgal/Unity/Futbolito/Assets
GfxDevice: creating device client; threaded=0; jobified=0
Direct3D:
    Version:  Direct3D 11.0 [level 11.1]
    Renderer: AMD Radeon (TM) Graphics (ID=0x1681)
    Vendor:   ATI
    VRAM:     15999 MB
    Driver:   31.0.12044.3
Initialize mono
Mono path[0] = 'C:/Program Files/Unity/Hub/Editor/2022.3.14f1/Editor/Data/Managed'
Mono path[1] = 'C:/Program Files/Unity/Hub/Editor/2022.3.14f1/Editor/Data/MonoBleedingEdge/lib/mono/unityjit-win32'
Mono config path = 'C:/Program Files/Unity/Hub/Editor/2022.3.14f1/Editor/Data/MonoBleedingEdge/etc'
Using monoOptions --debugger-agent=transport=dt_socket,embedding=1,server=y,suspend=n,address=127.0.0.1:56572
Begin MonoManager ReloadAssembly
Registering precompiled unity dll's ...
Register platform support module: C:/Program Files/Unity/Hub/Editor/2022.3.14f1/Editor/Data/PlaybackEngines/WebGLSupport/UnityEditor.WebGL.Extensions.dll
Register platform support module: C:/Program Files/Unity/Hub/Editor/2022.3.14f1/Editor/Data/PlaybackEngines/WindowsStandaloneSupport/UnityEditor.WindowsStandalone.Extensions.dll
Registered in 0.007074 seconds.
- Loaded All Assemblies, in  0.706 seconds
Native extension for WindowsStandalone target not found
Native extension for WebGL target not found
The file 'ProjectSettings/PackageManagerSettings.asset' seems to have merge conflicts. Please open it in a text editor and fix the merge.
UnityEngine.StackTraceUtility:ExtractStackTrace ()
UnityEditor.ScriptableSingleton`1<UnityEditor.PackageManager.UI.Internal.PackageManagerProjectSettings>:CreateAndLoad ()
UnityEditor.ScriptableSingleton`1<UnityEditor.PackageManager.UI.Internal.PackageManagerProjectSettings>:get_instance ()
UnityEditor.PackageManager.UI.Internal.PackageManagerProjectSettingsProxy:OnEnable ()
UnityEditor.PackageManager.UI.Internal.ServicesContainer:Initialize ()
UnityEditor.PackageManager.UI.Internal.ServicesContainer:Resolve<UnityEditor.PackageManager.UI.Internal.ApplicationProxy> ()
UnityEditor.PackageManager.UI.PackageManagerWindow:OnEditorFinishLoadingProject ()
UnityEditor.PackageManager.UI.PackageManagerWindow:EditorInitializedInSafeMode ()
System.Reflection.RuntimeMethodInfo:Invoke (object,System.Reflection.BindingFlags,System.Reflection.Binder,object[],System.Globalization.CultureInfo)
System.Reflection.MethodBase:Invoke (object,object[])
UnityEditor.EditorAssemblies:ProcessInitializeOnLoadMethodAttributes ()

[ line 0]

Mono: successfully reloaded assembly
- Finished resetting the current domain, in  0.371 seconds
Domain Reload Profiling: 1076ms
	BeginReloadAssembly (270ms)
		ExecutionOrderSort (0ms)
		DisableScriptedObjects (0ms)
		BackupInstance (0ms)
		ReleaseScriptingObjects (0ms)
		CreateAndSetChildDomain (1ms)
	RebuildCommonClasses (61ms)
	RebuildNativeTypeToScriptingClass (12ms)
	initialDomainReloadingComplete (82ms)
	LoadAllAssembliesAndSetupDomain (279ms)
		LoadAssemblies (270ms)
		RebuildTransferFunctionScriptingTraits (0ms)
		AnalyzeDomain (274ms)
			TypeCache.Refresh (272ms)
				TypeCache.ScanAssembly (242ms)
			ScanForSourceGeneratedMonoScriptInfo (1ms)
			ResolveRequiredComponents (1ms)
	FinalizeReload (371ms)
		ReleaseScriptCaches (0ms)
		RebuildScriptCaches (0ms)
		SetupLoadedEditorAssemblies (285ms)
			LogAssemblyErrors (0ms)
			InitializePlatformSupportModulesInManaged (12ms)
			SetLoadedEditorAssemblies (7ms)
			RefreshPlugins (0ms)
			BeforeProcessingInitializeOnLoad (4ms)
			ProcessInitializeOnLoadAttributes (185ms)
			ProcessInitializeOnLoadMethodAttributes (77ms)
			AfterProcessingInitializeOnLoad (0ms)
			EditorAssembliesLoaded (0ms)
		ExecutionOrderSort2 (0ms)
		AwakeInstancesAfterBackupRestoration (0ms)
========================================================================
Worker process is ready to serve import requests
Begin MonoManager ReloadAssembly
- Loaded All Assemblies, in  0.323 seconds
Refreshing native plugins compatible for Editor in 0.00 ms, found 0 plugins.
Native extension for WindowsStandalone target not found
Native extension for WebGL target not found
Mono: successfully reloaded assembly
- Finished resetting the current domain, in  0.404 seconds
Domain Reload Profiling: 726ms
	BeginReloadAssembly (225ms)
		ExecutionOrderSort (0ms)
		DisableScriptedObjects (11ms)
		BackupInstance (0ms)
		ReleaseScriptingObjects (0ms)
		CreateAndSetChildDomain (54ms)
	RebuildCommonClasses (45ms)
	RebuildNativeTypeToScriptingClass (13ms)
	initialDomainReloadingComplete (28ms)
	LoadAllAssembliesAndSetupDomain (11ms)
		LoadAssemblies (112ms)
		RebuildTransferFunctionScriptingTraits (0ms)
		AnalyzeDomain (7ms)
			TypeCache.Refresh (5ms)
				TypeCache.ScanAssembly (0ms)
			ScanForSourceGeneratedMonoScriptInfo (0ms)
			ResolveRequiredComponents (1ms)
	FinalizeReload (405ms)
		ReleaseScriptCaches (0ms)
		RebuildScriptCaches (0ms)
		SetupLoadedEditorAssemblies (246ms)
			LogAssemblyErrors (0ms)
			InitializePlatformSupportModulesInManaged (8ms)
			SetLoadedEditorAssemblies (5ms)
			RefreshPlugins (0ms)
			BeforeProcessingInitializeOnLoad (32ms)
			ProcessInitializeOnLoadAttributes (163ms)
			ProcessInitializeOnLoadMethodAttributes (27ms)
			AfterProcessingInitializeOnLoad (9ms)
			EditorAssembliesLoaded (0ms)
		ExecutionOrderSort2 (0ms)
		AwakeInstancesAfterBackupRestoration (10ms)
Launched and connected shader compiler UnityShaderCompiler.exe after 0.09 seconds
Refreshing native plugins compatible for Editor in 0.00 ms, found 0 plugins.
Preloading 0 native plugins for Editor in 0.00 ms.
Unloading 57 Unused Serialized files (Serialized files now loaded: 0)
Unloading 3 unused Assets / (48.4 KB). Loaded Objects now: 526.
Memory consumption went from 53.4 MB to 53.4 MB.
Total: 4.006900 ms (FindLiveObjects: 0.072500 ms CreateObjectMapping: 0.007700 ms MarkObjects: 3.818600 ms  DeleteObjects: 0.106600 ms)

AssetImportParameters requested are different than current active one (requested -> active):
  custom:video-decoder-ogg-theora: a1e56fd34408186e4bbccfd4996cb3dc -> 
  custom:container-muxer-webm: aa71ff27fc2769a1b78a27578f13a17b -> 
  custom:container-demuxer-webm: 4f35f7cbe854078d1ac9338744f61a02 -> 
  custom:video-encoder-webm-vp8: eb34c28f22e8b96e1ab97ce403110664 -> 
  custom:CustomObjectIndexerAttribute: 756ad292c208cfabdd7b50bc23989ffe -> 
  custom:audio-encoder-webm-vorbis: bf7c407c2cedff20999df2af8eb42d56 -> 
  custom:framework-win-MediaFoundation: 216162199b28c13a410421893ffa2e32 -> 
  custom:SearchIndexIgnoredProperties: e643bd26f0fe6173181afceb89e7c659 -> 
  custom:container-demuxer-ogg: 62fdf1f143b41e24485cea50d1cbac27 -> 
  custom:video-decoder-webm-vp8: 9c59270c3fd7afecdb556c50c9e8de78 -> 
  custom:audio-decoder-ogg-vorbis: bf7c407c2cedff20999df2af8eb42d56 -> 
  custom:AudioImporter_EditorPlatform: d09bf68614088b80899f8185d706f6e7 -> 
========================================================================
Received Import Request.
  Time since last request: 79352.308129 seconds.
  path: Assets/_Prefabs/WinExplosion.prefab
  artifactKey: Guid(9b0241c1d1fdf5d46a02006f5be550d4) Importer(815301076,1909f56bfc062723c751e8b465ee728b)
Start importing Assets/_Prefabs/WinExplosion.prefab using Guid(9b0241c1d1fdf5d46a02006f5be550d4) Importer(815301076,1909f56bfc062723c751e8b465ee728b)  -> (artifact id: 'c54fac4cdcc438597d5d06538b8e2b28') in 0.212679 seconds
Number of updated asset objects reloaded before import = 0
Number of asset objects unloaded after import = 6
========================================================================
Received Import Request.
  Time since last request: 0.000059 seconds.
  path: Assets/_Prefabs/MatchResult.prefab
  artifactKey: Guid(3b7557b91255145479c524977720e587) Importer(815301076,1909f56bfc062723c751e8b465ee728b)
Start importing Assets/_Prefabs/MatchResult.prefab using Guid(3b7557b91255145479c524977720e587) Importer(815301076,1909f56bfc062723c751e8b465ee728b)  -> (artifact id: '1c52042fe5b95f667985d9ec7147f91c') in 0.002739 seconds
Number of updated asset objects reloaded before import = 0
Number of asset objects unloaded after import = 36
========================================================================
Received Import Request.
  Time since last request: 0.000032 seconds.
  path: Assets/_Prefabs/TourController.prefab
  artifactKey: Guid(fe2ba05c2e306d54d926ff070a786b6b) Importer(815301076,1909f56bfc062723c751e8b465ee728b)
Start importing Assets/_Prefabs/TourController.prefab using Guid(fe2ba05c2e306d54d926ff070a786b6b) Importer(815301076,1909f56bfc062723c751e8b465ee728b)  -> (artifact id: 'eca590745cbc5a2640170f35d723d8ae') in 0.002776 seconds
Number of updated asset objects reloaded before import = 0
Number of asset objects unloaded after import = 5
========================================================================
Received Import Request.
  Time since last request: 0.000041 seconds.
  path: Assets/_Prefabs/LineSelection.prefab
  artifactKey: Guid(ec0f29f3834ce72489f0157e4a511843) Importer(815301076,1909f56bfc062723c751e8b465ee728b)
Start importing Assets/_Prefabs/LineSelection.prefab using Guid(ec0f29f3834ce72489f0157e4a511843) Importer(815301076,1909f56bfc062723c751e8b465ee728b)  -> (artifact id: 'f71cb920e3dea7302d3c78039bf2a2b2') in 0.002649 seconds
Number of updated asset objects reloaded before import = 0
Number of asset objects unloaded after import = 7
========================================================================
Received Import Request.
  Time since last request: 5.595202 seconds.
  path: Assets/Sprites/Grass/GrassPattern2.png
  artifactKey: Guid(d2f91d34adeeb434d86ef9d8219d16dd) Importer(815301076,1909f56bfc062723c751e8b465ee728b)
Start importing Assets/Sprites/Grass/GrassPattern2.png using Guid(d2f91d34adeeb434d86ef9d8219d16dd) Importer(815301076,1909f56bfc062723c751e8b465ee728b)  -> (artifact id: '9b51872337978ab80940245cdf32751c') in 0.055771 seconds
Number of updated asset objects reloaded before import = 0
Number of asset objects unloaded after import = 3
========================================================================
Received Import Request.
  Time since last request: 0.000050 seconds.
  path: Assets/Sprites/Grass/GrassPattern7.png
  artifactKey: Guid(fb538f73b886e3b4393ee9b18070f0f3) Importer(815301076,1909f56bfc062723c751e8b465ee728b)
Start importing Assets/Sprites/Grass/GrassPattern7.png using Guid(fb538f73b886e3b4393ee9b18070f0f3) Importer(815301076,1909f56bfc062723c751e8b465ee728b)  -> (artifact id: '2d2e471b104744e520f419cf5caa8e2d') in 0.037685 seconds
Number of updated asset objects reloaded before import = 0
Number of asset objects unloaded after import = 3
========================================================================
Received Import Request.
  Time since last request: 0.699795 seconds.
  path: Assets/Sprites/Tables/Brown.png
  artifactKey: Guid(6a21ef8ef08dcff4ba5f8e8f2e151892) Importer(815301076,1909f56bfc062723c751e8b465ee728b)
Start importing Assets/Sprites/Tables/Brown.png using Guid(6a21ef8ef08dcff4ba5f8e8f2e151892) Importer(815301076,1909f56bfc062723c751e8b465ee728b)  -> (artifact id: '5e009aee9faf5d8f1e10849c556f58d7') in 0.035038 seconds
Number of updated asset objects reloaded before import = 0
Number of asset objects unloaded after import = 1
========================================================================
Received Import Request.
  Time since last request: 0.000020 seconds.
  path: Assets/Sprites/Tables/Plant.png
  artifactKey: Guid(47a33f13ccc40624981e91e71bde092a) Importer(815301076,1909f56bfc062723c751e8b465ee728b)
Start importing Assets/Sprites/Tables/Plant.png using Guid(47a33f13ccc40624981e91e71bde092a) Importer(815301076,1909f56bfc062723c751e8b465ee728b)  -> (artifact id: 'ba9634be2ce1da9300095c31b99430c6') in 0.034592 seconds
Number of updated asset objects reloaded before import = 0
Number of asset objects unloaded after import = 3
========================================================================
Received Import Request.
  Time since last request: 1.303981 seconds.
  path: Assets/Sprites/UI/bgNoLines.png
  artifactKey: Guid(96df388ca85188d4dba9b6ac9b7749a9) Importer(815301076,1909f56bfc062723c751e8b465ee728b)
Start importing Assets/Sprites/UI/bgNoLines.png using Guid(96df388ca85188d4dba9b6ac9b7749a9) Importer(815301076,1909f56bfc062723c751e8b465ee728b)  -> (artifact id: 'cc41cfdca56e0cb8b267583f336fa677') in 0.057688 seconds
Number of updated asset objects reloaded before import = 0
Number of asset objects unloaded after import = 3
========================================================================
Received Import Request.
  Time since last request: 0.000064 seconds.
  path: Assets/Sprites/UI/QuarterFinalsTourStructure.png
  artifactKey: Guid(a736e4f1db194a148a80c7c8af9ee54a) Importer(815301076,1909f56bfc062723c751e8b465ee728b)
Start importing Assets/Sprites/UI/QuarterFinalsTourStructure.png using Guid(a736e4f1db194a148a80c7c8af9ee54a) Importer(815301076,1909f56bfc062723c751e8b465ee728b)  -> (artifact id: 'a39a8bdb69582d3a3e6c61a38a0add36') in 0.031663 seconds
Number of updated asset objects reloaded before import = 0
Number of asset objects unloaded after import = 3
========================================================================
Received Import Request.
  Time since last request: 0.000028 seconds.
  path: Assets/Sprites/UI/WhiteBg.png
  artifactKey: Guid(d0689e515f8fb0f4e908964e2836eae5) Importer(815301076,1909f56bfc062723c751e8b465ee728b)
Start importing Assets/Sprites/UI/WhiteBg.png using Guid(d0689e515f8fb0f4e908964e2836eae5) Importer(815301076,1909f56bfc062723c751e8b465ee728b)  -> (artifact id: 'ab527aa9c7f518134e5702a4f54203ec') in 0.073818 seconds
Number of updated asset objects reloaded before import = 0
Number of asset objects unloaded after import = 3
========================================================================
Received Import Request.
  Time since last request: 0.000056 seconds.
  path: Assets/Sprites/UI/UIPanel.png
  artifactKey: Guid(27cae46bc507c274685daca4fe91aef0) Importer(815301076,1909f56bfc062723c751e8b465ee728b)
Start importing Assets/Sprites/UI/UIPanel.png using Guid(27cae46bc507c274685daca4fe91aef0) Importer(815301076,1909f56bfc062723c751e8b465ee728b)  -> (artifact id: '6ce5c6cfb2bf45659c5a4e46c69a3f57') in 0.050575 seconds
Number of updated asset objects reloaded before import = 0
Number of asset objects unloaded after import = 1
========================================================================
Received Import Request.
  Time since last request: 0.000025 seconds.
  path: Assets/Sprites/UI/cornerButtonLowerLeft.png
  artifactKey: Guid(a0189e51d47a897468bb1992b83d3f0a) Importer(815301076,1909f56bfc062723c751e8b465ee728b)
Start importing Assets/Sprites/UI/cornerButtonLowerLeft.png using Guid(a0189e51d47a897468bb1992b83d3f0a) Importer(815301076,1909f56bfc062723c751e8b465ee728b)  -> (artifact id: 'ea603c8bc87a74248fcd3890dd32739e') in 0.024058 seconds
Number of updated asset objects reloaded before import = 0
Number of asset objects unloaded after import = 3
========================================================================
Received Import Request.
  Time since last request: 0.000030 seconds.
  path: Assets/Sprites/UI/HoldButton.png
  artifactKey: Guid(24408fe8f9cf04149adbb7764451c5f4) Importer(815301076,1909f56bfc062723c751e8b465ee728b)
Start importing Assets/Sprites/UI/HoldButton.png using Guid(24408fe8f9cf04149adbb7764451c5f4) Importer(815301076,1909f56bfc062723c751e8b465ee728b)  -> (artifact id: '480950dfa106bb3ed375a1c2c3b75c88') in 0.033015 seconds
Number of updated asset objects reloaded before import = 0
Number of asset objects unloaded after import = 1
========================================================================
Received Import Request.
  Time since last request: 0.000018 seconds.
  path: Assets/Sprites/UI/ShootButton.png
  artifactKey: Guid(3d816400a3128b645b67a6d2559a0193) Importer(815301076,1909f56bfc062723c751e8b465ee728b)
Start importing Assets/Sprites/UI/ShootButton.png using Guid(3d816400a3128b645b67a6d2559a0193) Importer(815301076,1909f56bfc062723c751e8b465ee728b)  -> (artifact id: 'a52b59f8db1e575ddbce686b8cd134b4') in 0.027653 seconds
Number of updated asset objects reloaded before import = 0
Number of asset objects unloaded after import = 1
========================================================================
Received Import Request.
  Time since last request: 0.000032 seconds.
  path: Assets/Sprites/UI/Line.png
  artifactKey: Guid(40d317391d33ab643a516276911a77d5) Importer(815301076,1909f56bfc062723c751e8b465ee728b)
Start importing Assets/Sprites/UI/Line.png using Guid(40d317391d33ab643a516276911a77d5) Importer(815301076,1909f56bfc062723c751e8b465ee728b)  -> (artifact id: '9b689c6ec583aaa62b8b86517c12d6c4') in 0.032147 seconds
Number of updated asset objects reloaded before import = 0
Number of asset objects unloaded after import = 3
========================================================================
Received Import Request.
  Time since last request: 59.336224 seconds.
  path: Assets/Sounds/Ball/BallSound_3.wav
  artifactKey: Guid(9f73236ec3ae2594fbbdc79ba4c78f75) Importer(815301076,1909f56bfc062723c751e8b465ee728b)
Start importing Assets/Sounds/Ball/BallSound_3.wav using Guid(9f73236ec3ae2594fbbdc79ba4c78f75) Importer(815301076,1909f56bfc062723c751e8b465ee728b)  -> (artifact id: 'f02fe4898658d46bab79add91f99288d') in 0.047273 seconds
Number of updated asset objects reloaded before import = 0
Number of asset objects unloaded after import = 2
========================================================================
Received Import Request.
  Time since last request: 0.000036 seconds.
  path: Assets/Sounds/Ball/BallSound_8.wav
  artifactKey: Guid(4a783787911968049bd0716c71f1fcb4) Importer(815301076,1909f56bfc062723c751e8b465ee728b)
Start importing Assets/Sounds/Ball/BallSound_8.wav using Guid(4a783787911968049bd0716c71f1fcb4) Importer(815301076,1909f56bfc062723c751e8b465ee728b)  -> (artifact id: 'ed214c54814557fe7aef0dbd96a45374') in 0.020823 seconds
Number of updated asset objects reloaded before import = 0
Number of asset objects unloaded after import = 2
========================================================================
Received Import Request.
  Time since last request: 0.000060 seconds.
  path: Assets/Sounds/Ball/BallSound_6.wav
  artifactKey: Guid(9e842544be306804da779c552157834a) Importer(815301076,1909f56bfc062723c751e8b465ee728b)
Start importing Assets/Sounds/Ball/BallSound_6.wav using Guid(9e842544be306804da779c552157834a) Importer(815301076,1909f56bfc062723c751e8b465ee728b)  -> (artifact id: '7bf38ea35a0194cf03565294ddc39dba') in 0.024204 seconds
Number of updated asset objects reloaded before import = 0
Number of asset objects unloaded after import = 2
========================================================================
Received Import Request.
  Time since last request: 20.949332 seconds.
  path: Assets/Sounds/Buttons/ButtonClickSound_3.wav
  artifactKey: Guid(654a01229f7b8504ca0f72f53bdeab1b) Importer(815301076,1909f56bfc062723c751e8b465ee728b)
Start importing Assets/Sounds/Buttons/ButtonClickSound_3.wav using Guid(654a01229f7b8504ca0f72f53bdeab1b) Importer(815301076,1909f56bfc062723c751e8b465ee728b)  -> (artifact id: 'f9f684f1982ba6ae680cf761cfaf68e6') in 0.018766 seconds
Number of updated asset objects reloaded before import = 0
Number of asset objects unloaded after import = 2
========================================================================
Received Import Request.
  Time since last request: 0.000016 seconds.
  path: Assets/Sounds/Buttons/ButtonClickSound_8.wav
  artifactKey: Guid(5912dae4f645d834691f3a8c2e638223) Importer(815301076,1909f56bfc062723c751e8b465ee728b)
Start importing Assets/Sounds/Buttons/ButtonClickSound_8.wav using Guid(5912dae4f645d834691f3a8c2e638223) Importer(815301076,1909f56bfc062723c751e8b465ee728b)  -> (artifact id: 'fc0ee0bf41e046f1843d5965c3e93914') in 0.015364 seconds
Number of updated asset objects reloaded before import = 0
Number of asset objects unloaded after import = 2
========================================================================
Received Import Request.
  Time since last request: 0.000019 seconds.
  path: Assets/Sounds/Buttons/ButtonClickSound_7.wav
  artifactKey: Guid(32bfef3047f60a341b63623f93478329) Importer(815301076,1909f56bfc062723c751e8b465ee728b)
Start importing Assets/Sounds/Buttons/ButtonClickSound_7.wav using Guid(32bfef3047f60a341b63623f93478329) Importer(815301076,1909f56bfc062723c751e8b465ee728b)  -> (artifact id: 'f630c2023867dd4fab9775410d51b5bd') in 0.022514 seconds
Number of updated asset objects reloaded before import = 0
Number of asset objects unloaded after import = 2
========================================================================
Received Import Request.
  Time since last request: 0.000043 seconds.
  path: Assets/Sounds/Buttons/ButtonClickSound_13.wav
  artifactKey: Guid(89e1d4955e7473a4888bb2ddd9057617) Importer(815301076,1909f56bfc062723c751e8b465ee728b)
Start importing Assets/Sounds/Buttons/ButtonClickSound_13.wav using Guid(89e1d4955e7473a4888bb2ddd9057617) Importer(815301076,1909f56bfc062723c751e8b465ee728b)  -> (artifact id: '84881f2bac5747b8de99c2b3a9a1f69f') in 0.019632 seconds
Number of updated asset objects reloaded before import = 0
Number of asset objects unloaded after import = 2
Editor requested this worker to shutdown with reason: Scaling down because of idle timeout
TcpMessagingSession - receive error: operation aborted. errorcode: 995, details: The I/O operation has been aborted because of either a thread exit or an application request.
AssetImportWorker is now disconnected from the server
Process exiting
Exiting without the bug reporter. Application will terminate with return code 0