
=== Mon Feb  4 13:39:48 2019

Packages were changed.
Update Mode: resetToDefaultDependencies

The following packages were added:
  com.unity.collab-proxy@1.2.15
The following packages were updated:
  com.unity.analytics from version 2.0.16 to 3.2.2
  com.unity.ads from version 2.0.8 to 2.3.1
  com.unity.textmeshpro from version 1.2.4 to 1.3.0
  com.unity.package-manager-ui from version 1.9.11 to 2.0.3

<<<<<<< HEAD
=== Mon Nov 11 19:02:54 2019
=======
=== Tue Apr 16 16:58:46 2019

Packages were changed.
Update Mode: updateDependencies

The following packages were added:
  com.unity.timeline@1.0.0
  com.unity.multiplayer-hlapi@1.0.2
  com.unity.xr.legacyinputhelpers@2.0.2
The following packages were updated:
  com.unity.analytics from version 3.2.2 to 3.3.2
  com.unity.collab-proxy from version 1.2.15 to 1.2.16
  com.unity.package-manager-ui from version 2.0.3 to 2.1.2
  com.unity.purchasing from version 2.0.3 to 2.0.6
  com.unity.textmeshpro from version 1.3.0 to 2.0.0

=== Tue Jul 30 17:28:53 2019
>>>>>>> pc/console

Packages were changed.
Update Mode: updateDependencies

The following packages were added:
  com.unity.2d.tilemap@1.0.0
  com.unity.ext.nunit@1.0.0
  com.unity.test-framework@1.0.13
<<<<<<< HEAD
  com.unity.timeline@1.1.0
  com.unity.2d.sprite@1.0.0
  com.unity.ide.vscode@1.1.2
  com.unity.ide.rider@1.1.0
  com.unity.ugui@1.0.0
  com.unity.modules.androidjni@1.0.0
  com.unity.multiplayer-hlapi@1.0.2
  com.unity.xr.legacyinputhelpers@2.0.2
The following packages were updated:
  com.unity.analytics from version 3.2.2 to 3.3.2
  com.unity.collab-proxy from version 1.2.15 to 1.2.16
  com.unity.package-manager-ui from version 2.0.3 to 2.2.0
  com.unity.purchasing from version 2.0.3 to 2.0.6
  com.unity.textmeshpro from version 1.3.0 to 2.0.1

=== Wed Jan 29 12:04:28 2020
=======
  com.unity.2d.sprite@1.0.0
  com.unity.ide.vscode@1.0.7
  com.unity.ide.rider@1.0.8
  com.unity.ugui@1.0.0
  com.unity.modules.androidjni@1.0.0
The following packages were updated:
  com.unity.package-manager-ui from version 2.1.2 to 2.2.0
  com.unity.timeline from version 1.0.0 to 1.1.0

=== Sat Dec  9 22:14:28 2023
>>>>>>> pc/console

Packages were changed.
Update Mode: updateDependencies

<<<<<<< HEAD
The following packages were updated:
  com.unity.analytics from version 3.3.2 to 3.3.5
  com.unity.ide.rider from version 1.1.0 to 1.1.4
  com.unity.ide.vscode from version 1.1.2 to 1.1.4
  com.unity.multiplayer-hlapi from version 1.0.2 to 1.0.4
  com.unity.test-framework from version 1.0.13 to 1.1.9
  com.unity.timeline from version 1.1.0 to 1.2.10
The following packages were removed:
  com.unity.package-manager-ui@2.2.0

=== Thu Feb 25 19:01:58 2021

Packages were changed.
Update Mode: updateDependencies

The following packages were updated:
  com.unity.ads from version 2.3.2 to 3.5.0
  com.unity.ide.vscode from version 1.1.4 to 1.2.2
  com.unity.multiplayer-hlapi from version 1.0.4 to 1.0.6
  com.unity.purchasing from version 2.0.6 to 2.1.1
  com.unity.test-framework from version 1.1.9 to 1.1.18
  com.unity.xr.legacyinputhelpers from version 2.0.2 to 2.1.4
=======
The following packages were added:
  com.unity.ide.visualstudio@2.0.22
  com.unity.ai.navigation@1.1.5
The following packages were updated:
  com.unity.2d.pixel-perfect from version 1.0.1-preview to 5.0.3
  com.unity.ads from version 2.3.2 to 4.4.2
  com.unity.analytics from version 3.3.2 to 3.8.1
  com.unity.collab-proxy from version 1.2.16 to 2.2.0
  com.unity.ext.nunit from version 1.0.0 to 1.0.6
  com.unity.ide.rider from version 1.0.8 to 3.0.26
  com.unity.ide.vscode from version 1.0.7 to 1.2.5
  com.unity.purchasing from version 2.0.6 to 4.9.3
  com.unity.test-framework from version 1.0.13 to 1.1.33
  com.unity.textmeshpro from version 2.0.1 to 3.0.6
  com.unity.timeline from version 1.1.0 to 1.7.6
  com.unity.xr.legacyinputhelpers from version 2.0.2 to 2.1.10
The following packages were removed:
  com.unity.multiplayer-hlapi@1.0.4
  com.unity.package-manager-ui@2.2.0
>>>>>>> pc/console
